./vw_crc_demo.py 
a130218103fe0700 crc: 0xa1
0001020304050607 crc: 0xec
0102030405060708 crc: 0x20
0203040506070809 crc: 0x5c
030405060708090a crc: 0xb1
0405060708090a0b crc: 0x35
05060708090a0b0c crc: 0x82
060708090a0b0c0d crc: 0xe3
0708090a0b0c0d0e crc: 0x64
08090a0b0c0d0e0f crc: 0x1b
090a0b0c0d0e0f10 crc: 0xf2

@CGW hardware:
------------------ base 0 ------------------------
crc: EC
uint64_t 0000000003020100
uint64_t 3020100
uint64_t 03020100 07060504
uint32_t 07060504 03020100
uint8_t  00 01 02 03 04 05 06 07
------------------ base 1 ------------------------
crc: 20
uint64_t 0000000004030201
uint64_t 4030201
uint64_t 04030201 08070605
uint32_t 08070605 04030201
uint8_t  01 02 03 04 05 06 07 08
------------------ base 2 ------------------------
crc: 5C
uint64_t 0000000005040302
uint64_t 5040302
uint64_t 05040302 09080706
uint32_t 09080706 05040302
uint8_t  02 03 04 05 06 07 08 09
------------------ base 3 ------------------------
crc: B1
uint64_t 0000000006050403
uint64_t 6050403
uint64_t 06050403 0A090807
uint32_t 0A090807 06050403
uint8_t  03 04 05 06 07 08 09 0A
------------------ base 4 ------------------------
crc: 35
uint64_t 0000000007060504
uint64_t 7060504
uint64_t 07060504 0B0A0908
uint32_t 0B0A0908 07060504
uint8_t  04 05 06 07 08 09 0A 0B
------------------ base 5 ------------------------
crc: 82
uint64_t 0000000008070605
uint64_t 8070605
uint64_t 08070605 0C0B0A09
uint32_t 0C0B0A09 08070605
uint8_t  05 06 07 08 09 0A 0B 0C
------------------ base 6 ------------------------
crc: E3
uint64_t 0000000009080706
uint64_t 9080706
uint64_t 09080706 0D0C0B0A
uint32_t 0D0C0B0A 09080706
uint8_t  06 07 08 09 0A 0B 0C 0D
------------------ base 7 ------------------------
crc: 64
uint64_t 000000000A090807
uint64_t A090807
uint64_t 0A090807 0E0D0C0B
uint32_t 0E0D0C0B 0A090807
uint8_t  07 08 09 0A 0B 0C 0D 0E
------------------ base 8 ------------------------
crc: 1B
uint64_t 000000000B0A0908
uint64_t B0A0908
uint64_t 0B0A0908 0F0E0D0C
uint32_t 0F0E0D0C 0B0A0908
uint8_t  08 09 0A 0B 0C 0D 0E 0F
------------------ base 9 ------------------------
crc: F2
uint64_t 000000000C0B0A09
uint64_t C0B0A09
uint64_t 0C0B0A09 100F0E0D
uint32_t 100F0E0D 0C0B0A09
uint8_t  09 0A 0B 0C 0D 0E 0F 10

